nohup: ignoring input
127.0.0.1 - - [07/Jan/2026 21:53:03] "GET /login.html HTTP/1.1" 200 -
127.0.0.1 - - [08/Jan/2026 00:14:22] "GET / HTTP/1.1" 200 -
127.0.0.1 - - [08/Jan/2026 00:14:25] "GET /login.html HTTP/1.1" 304 -
127.0.0.1 - - [08/Jan/2026 00:14:26] "GET /css/estilos.css HTTP/1.1" 304 -
127.0.0.1 - - [08/Jan/2026 00:14:26] "GET /js/api.js HTTP/1.1" 304 -
127.0.0.1 - - [08/Jan/2026 00:14:26] "GET /js/login.js HTTP/1.1" 304 -
127.0.0.1 - - [08/Jan/2026 00:14:49] "GET /cursos.html HTTP/1.1" 304 -
127.0.0.1 - - [08/Jan/2026 00:14:49] "GET /js/cursos.js HTTP/1.1" 200 -
127.0.0.1 - - [08/Jan/2026 00:15:12] "GET /capacitaciones-externas.html HTTP/1.1" 304 -
127.0.0.1 - - [08/Jan/2026 00:15:12] "GET /js/capacitaciones.js HTTP/1.1" 304 -
127.0.0.1 - - [08/Jan/2026 00:15:49] "GET /curso.html?curso_id=1 HTTP/1.1" 200 -
127.0.0.1 - - [08/Jan/2026 00:15:49] "GET /js/curso.js HTTP/1.1" 200 -
127.0.0.1 - - [08/Jan/2026 00:17:17] "GET /curso.html?curso_id=1 HTTP/1.1" 304 -
127.0.0.1 - - [08/Jan/2026 00:27:21] "GET /curso.html?curso_id=1 HTTP/1.1" 304 -
127.0.0.1 - - [08/Jan/2026 00:27:21] "GET /js/curso.js HTTP/1.1" 304 -
127.0.0.1 - - [08/Jan/2026 00:27:26] "GET /login.html HTTP/1.1" 200 -
127.0.0.1 - - [08/Jan/2026 00:27:26] "GET /css/estilos.css HTTP/1.1" 200 -
127.0.0.1 - - [08/Jan/2026 00:27:26] "GET /js/login.js HTTP/1.1" 200 -
127.0.0.1 - - [08/Jan/2026 00:27:26] "GET /js/api.js HTTP/1.1" 200 -
127.0.0.1 - - [08/Jan/2026 00:27:26] code 404, message File not found
127.0.0.1 - - [08/Jan/2026 00:27:26] "GET /favicon.ico HTTP/1.1" 404 -
127.0.0.1 - - [08/Jan/2026 00:27:37] "GET /js/cursos.js HTTP/1.1" 304 -
127.0.0.1 - - [08/Jan/2026 00:31:11] "GET /cursos.html HTTP/1.1" 304 -
127.0.0.1 - - [08/Jan/2026 00:40:37] "GET /login.html HTTP/1.1" 200 -
127.0.0.1 - - [08/Jan/2026 00:40:37] "GET /css/estilos.css HTTP/1.1" 200 -
127.0.0.1 - - [08/Jan/2026 00:40:37] "GET /js/api.js HTTP/1.1" 200 -
127.0.0.1 - - [08/Jan/2026 00:40:37] "GET /js/login.js HTTP/1.1" 200 -
127.0.0.1 - - [08/Jan/2026 00:40:37] code 404, message File not found
127.0.0.1 - - [08/Jan/2026 00:40:37] "GET /favicon.ico HTTP/1.1" 404 -
127.0.0.1 - - [08/Jan/2026 00:40:40] "GET /login.html HTTP/1.1" 200 -
127.0.0.1 - - [08/Jan/2026 00:40:40] "GET /css/estilos.css HTTP/1.1" 200 -
127.0.0.1 - - [08/Jan/2026 00:40:40] "GET /js/api.js HTTP/1.1" 200 -
127.0.0.1 - - [08/Jan/2026 00:40:40] "GET /js/login.js HTTP/1.1" 200 -
127.0.0.1 - - [08/Jan/2026 00:40:40] code 404, message File not found
127.0.0.1 - - [08/Jan/2026 00:40:40] "GET /favicon.ico HTTP/1.1" 404 -
127.0.0.1 - - [08/Jan/2026 00:40:44] "GET /login.html HTTP/1.1" 200 -
127.0.0.1 - - [08/Jan/2026 00:41:06] "GET /js/cursos.js HTTP/1.1" 200 -
127.0.0.1 - - [08/Jan/2026 00:41:21] "GET /curso.html?curso_id=1 HTTP/1.1" 304 -
127.0.0.1 - - [08/Jan/2026 00:41:21] "GET /js/curso.js HTTP/1.1" 200 -
127.0.0.1 - - [08/Jan/2026 00:41:25] "GET /js/cursos.js HTTP/1.1" 304 -
127.0.0.1 - - [08/Jan/2026 00:41:28] "GET /capacitaciones-externas.html HTTP/1.1" 304 -
127.0.0.1 - - [08/Jan/2026 00:41:28] "GET /js/capacitaciones.js HTTP/1.1" 304 -
127.0.0.1 - - [08/Jan/2026 00:41:41] "GET / HTTP/1.1" 200 -
127.0.0.1 - - [08/Jan/2026 00:41:41] code 404, message File not found
127.0.0.1 - - [08/Jan/2026 00:41:41] "GET /favicon.ico HTTP/1.1" 404 -
127.0.0.1 - - [08/Jan/2026 00:41:43] "GET /login.html HTTP/1.1" 200 -
127.0.0.1 - - [08/Jan/2026 00:41:43] "GET /js/api.js HTTP/1.1" 200 -
127.0.0.1 - - [08/Jan/2026 00:41:43] "GET /css/estilos.css HTTP/1.1" 200 -
127.0.0.1 - - [08/Jan/2026 00:41:43] "GET /js/login.js HTTP/1.1" 200 -
127.0.0.1 - - [08/Jan/2026 00:42:04] "GET /cursos.html HTTP/1.1" 200 -
127.0.0.1 - - [08/Jan/2026 00:42:04] "GET /js/cursos.js HTTP/1.1" 200 -
127.0.0.1 - - [08/Jan/2026 00:42:15] "GET /cursos.html HTTP/1.1" 200 -
127.0.0.1 - - [08/Jan/2026 00:42:15] "GET /css/estilos.css HTTP/1.1" 200 -
127.0.0.1 - - [08/Jan/2026 00:42:15] "GET /js/api.js HTTP/1.1" 200 -
127.0.0.1 - - [08/Jan/2026 00:42:15] "GET /js/cursos.js HTTP/1.1" 200 -
127.0.0.1 - - [08/Jan/2026 00:42:15] code 404, message File not found
127.0.0.1 - - [08/Jan/2026 00:42:15] "GET /favicon.ico HTTP/1.1" 404 -
127.0.0.1 - - [08/Jan/2026 00:42:30] "GET /js/cursos.js HTTP/1.1" 304 -
127.0.0.1 - - [08/Jan/2026 00:43:07] "GET /cursos.html HTTP/1.1" 304 -
127.0.0.1 - - [08/Jan/2026 00:43:07] "GET /js/cursos.js HTTP/1.1" 200 -
127.0.0.1 - - [08/Jan/2026 00:43:07] code 404, message File not found
127.0.0.1 - - [08/Jan/2026 00:43:07] "GET /favicon.ico HTTP/1.1" 404 -
127.0.0.1 - - [08/Jan/2026 00:43:08] "GET /curso.html?curso_id=1 HTTP/1.1" 200 -
127.0.0.1 - - [08/Jan/2026 00:43:08] "GET /js/curso.js HTTP/1.1" 200 -
127.0.0.1 - - [08/Jan/2026 00:43:19] code 404, message File not found
127.0.0.1 - - [08/Jan/2026 00:43:19] "GET /favicon.ico HTTP/1.1" 404 -
127.0.0.1 - - [08/Jan/2026 00:43:39] code 404, message File not found
127.0.0.1 - - [08/Jan/2026 00:43:39] "GET /favicon.ico HTTP/1.1" 404 -
127.0.0.1 - - [08/Jan/2026 00:44:09] "GET /cursos.html HTTP/1.1" 304 -
127.0.0.1 - - [08/Jan/2026 00:44:09] "GET /js/cursos.js HTTP/1.1" 304 -
127.0.0.1 - - [08/Jan/2026 00:44:09] "GET /cursos.html HTTP/1.1" 304 -
127.0.0.1 - - [08/Jan/2026 00:52:26] "GET /login.html HTTP/1.1" 200 -
127.0.0.1 - - [08/Jan/2026 00:52:26] "GET /css/estilos.css HTTP/1.1" 200 -
127.0.0.1 - - [08/Jan/2026 00:52:26] "GET /js/api.js HTTP/1.1" 200 -
127.0.0.1 - - [08/Jan/2026 00:52:26] "GET /js/login.js HTTP/1.1" 200 -
127.0.0.1 - - [08/Jan/2026 00:52:26] code 404, message File not found
127.0.0.1 - - [08/Jan/2026 00:52:26] "GET /favicon.ico HTTP/1.1" 404 -
127.0.0.1 - - [08/Jan/2026 00:52:43] "GET /js/cursos.js HTTP/1.1" 304 -
127.0.0.1 - - [08/Jan/2026 00:53:26] "GET /curso.html?curso_id=1 HTTP/1.1" 304 -
127.0.0.1 - - [08/Jan/2026 00:53:26] "GET /js/curso.js HTTP/1.1" 304 -
127.0.0.1 - - [08/Jan/2026 00:54:06] "GET /login.html HTTP/1.1" 200 -
127.0.0.1 - - [08/Jan/2026 00:54:06] "GET /js/api.js HTTP/1.1" 200 -
127.0.0.1 - - [08/Jan/2026 00:54:06] "GET /css/estilos.css HTTP/1.1" 200 -
127.0.0.1 - - [08/Jan/2026 00:54:06] "GET /js/login.js HTTP/1.1" 200 -
127.0.0.1 - - [08/Jan/2026 00:54:06] code 404, message File not found
127.0.0.1 - - [08/Jan/2026 00:54:06] "GET /favicon.ico HTTP/1.1" 404 -
127.0.0.1 - - [08/Jan/2026 00:54:22] "GET /cursos.html HTTP/1.1" 200 -
127.0.0.1 - - [08/Jan/2026 00:54:22] "GET /js/cursos.js HTTP/1.1" 200 -
127.0.0.1 - - [08/Jan/2026 00:54:24] "GET /capacitaciones-externas.html HTTP/1.1" 200 -
127.0.0.1 - - [08/Jan/2026 00:54:24] "GET /js/capacitaciones.js HTTP/1.1" 200 -
127.0.0.1 - - [08/Jan/2026 00:54:46] "GET /js/cursos.js HTTP/1.1" 304 -
127.0.0.1 - - [08/Jan/2026 00:54:46] "GET /capacitaciones-externas.html HTTP/1.1" 200 -
----------------------------------------
Exception occurred during processing of request from ('127.0.0.1', 47062)
Traceback (most recent call last):
  File "/home/r/.pyenv/versions/3.12.3/lib/python3.12/socketserver.py", line 692, in process_request_thread
    self.finish_request(request, client_address)
  File "/home/r/.pyenv/versions/3.12.3/lib/python3.12/http/server.py", line 1311, in finish_request
    self.RequestHandlerClass(request, client_address, self,
  File "/home/r/.pyenv/versions/3.12.3/lib/python3.12/http/server.py", line 672, in __init__
    super().__init__(*args, **kwargs)
  File "/home/r/.pyenv/versions/3.12.3/lib/python3.12/socketserver.py", line 761, in __init__
    self.handle()
  File "/home/r/.pyenv/versions/3.12.3/lib/python3.12/http/server.py", line 436, in handle
    self.handle_one_request()
  File "/home/r/.pyenv/versions/3.12.3/lib/python3.12/http/server.py", line 424, in handle_one_request
    method()
  File "/home/r/.pyenv/versions/3.12.3/lib/python3.12/http/server.py", line 679, in do_GET
    self.copyfile(f, self.wfile)
  File "/home/r/.pyenv/versions/3.12.3/lib/python3.12/http/server.py", line 878, in copyfile
    shutil.copyfileobj(source, outputfile)
  File "/home/r/.pyenv/versions/3.12.3/lib/python3.12/shutil.py", line 204, in copyfileobj
    fdst_write(buf)
  File "/home/r/.pyenv/versions/3.12.3/lib/python3.12/socketserver.py", line 840, in write
    self._sock.sendall(b)
BrokenPipeError: [Errno 32] Broken pipe
----------------------------------------
127.0.0.1 - - [08/Jan/2026 00:56:41] "GET /capacitaciones-externas.html HTTP/1.1" 200 -
127.0.0.1 - - [08/Jan/2026 00:56:41] "GET /css/estilos.css HTTP/1.1" 200 -
127.0.0.1 - - [08/Jan/2026 00:56:41] "GET /js/capacitaciones.js HTTP/1.1" 200 -
127.0.0.1 - - [08/Jan/2026 00:56:41] "GET /js/api.js HTTP/1.1" 200 -
127.0.0.1 - - [08/Jan/2026 00:56:41] code 404, message File not found
127.0.0.1 - - [08/Jan/2026 00:56:41] "GET /favicon.ico HTTP/1.1" 404 -
127.0.0.1 - - [08/Jan/2026 00:57:05] "GET /js/cursos.js HTTP/1.1" 304 -
127.0.0.1 - - [08/Jan/2026 01:01:23] "GET /login.html HTTP/1.1" 200 -
127.0.0.1 - - [08/Jan/2026 01:01:23] "GET /js/login.js HTTP/1.1" 200 -
127.0.0.1 - - [08/Jan/2026 01:01:23] code 404, message File not found
127.0.0.1 - - [08/Jan/2026 01:01:23] "GET /favicon.ico HTTP/1.1" 404 -
127.0.0.1 - - [08/Jan/2026 01:01:31] "GET /login.html HTTP/1.1" 304 -
127.0.0.1 - - [08/Jan/2026 01:01:31] code 404, message File not found
127.0.0.1 - - [08/Jan/2026 01:01:31] "GET /favicon.ico HTTP/1.1" 404 -
127.0.0.1 - - [08/Jan/2026 01:10:46] "GET /capacitaciones-externas.html HTTP/1.1" 200 -
127.0.0.1 - - [08/Jan/2026 01:10:48] "GET /login.html HTTP/1.1" 304 -
127.0.0.1 - - [08/Jan/2026 01:10:48] "GET /js/login.js HTTP/1.1" 304 -
127.0.0.1 - - [08/Jan/2026 01:10:49] "GET /login.html HTTP/1.1" 304 -
127.0.0.1 - - [08/Jan/2026 01:10:49] "GET /login.html HTTP/1.1" 304 -
127.0.0.1 - - [08/Jan/2026 01:19:48] "GET /login.html HTTP/1.1" 200 -
127.0.0.1 - - [08/Jan/2026 01:19:48] "GET /js/api.js HTTP/1.1" 200 -
127.0.0.1 - - [08/Jan/2026 01:19:48] "GET /css/estilos.css HTTP/1.1" 200 -
127.0.0.1 - - [08/Jan/2026 01:19:48] "GET /js/login.js HTTP/1.1" 200 -
127.0.0.1 - - [08/Jan/2026 01:19:48] code 404, message File not found
127.0.0.1 - - [08/Jan/2026 01:19:48] "GET /favicon.ico HTTP/1.1" 404 -
127.0.0.1 - - [08/Jan/2026 01:19:51] "GET /login.html HTTP/1.1" 200 -
127.0.0.1 - - [08/Jan/2026 01:19:51] "GET /css/estilos.css HTTP/1.1" 200 -
127.0.0.1 - - [08/Jan/2026 01:19:51] "GET /js/api.js HTTP/1.1" 200 -
127.0.0.1 - - [08/Jan/2026 01:19:51] "GET /js/login.js HTTP/1.1" 200 -
127.0.0.1 - - [08/Jan/2026 01:19:51] code 404, message File not found
127.0.0.1 - - [08/Jan/2026 01:19:51] "GET /favicon.ico HTTP/1.1" 404 -
127.0.0.1 - - [08/Jan/2026 01:20:04] "GET /cursos.html HTTP/1.1" 304 -
127.0.0.1 - - [08/Jan/2026 01:20:04] "GET /js/cursos.js HTTP/1.1" 304 -
127.0.0.1 - - [08/Jan/2026 01:20:08] "GET /js/capacitaciones.js HTTP/1.1" 200 -
127.0.0.1 - - [08/Jan/2026 01:20:41] "GET /curso.html?curso_id=1 HTTP/1.1" 304 -
127.0.0.1 - - [08/Jan/2026 01:20:41] "GET /js/curso.js HTTP/1.1" 304 -
127.0.0.1 - - [08/Jan/2026 01:21:11] "GET /js/capacitaciones.js HTTP/1.1" 304 -
127.0.0.1 - - [08/Jan/2026 01:22:32] "GET /cursos.html HTTP/1.1" 200 -
----------------------------------------
Exception occurred during processing of request from ('127.0.0.1', 56570)
Traceback (most recent call last):
  File "/home/r/.pyenv/versions/3.12.3/lib/python3.12/socketserver.py", line 692, in process_request_thread
    self.finish_request(request, client_address)
  File "/home/r/.pyenv/versions/3.12.3/lib/python3.12/http/server.py", line 1311, in finish_request
    self.RequestHandlerClass(request, client_address, self,
  File "/home/r/.pyenv/versions/3.12.3/lib/python3.12/http/server.py", line 672, in __init__
    super().__init__(*args, **kwargs)
  File "/home/r/.pyenv/versions/3.12.3/lib/python3.12/socketserver.py", line 761, in __init__
    self.handle()
  File "/home/r/.pyenv/versions/3.12.3/lib/python3.12/http/server.py", line 436, in handle
    self.handle_one_request()
  File "/home/r/.pyenv/versions/3.12.3/lib/python3.12/http/server.py", line 424, in handle_one_request
    method()
  File "/home/r/.pyenv/versions/3.12.3/lib/python3.12/http/server.py", line 679, in do_GET
    self.copyfile(f, self.wfile)
  File "/home/r/.pyenv/versions/3.12.3/lib/python3.12/http/server.py", line 878, in copyfile
    shutil.copyfileobj(source, outputfile)
  File "/home/r/.pyenv/versions/3.12.3/lib/python3.12/shutil.py", line 204, in copyfileobj
    fdst_write(buf)
  File "/home/r/.pyenv/versions/3.12.3/lib/python3.12/socketserver.py", line 840, in write
    self._sock.sendall(b)
BrokenPipeError: [Errno 32] Broken pipe
----------------------------------------
127.0.0.1 - - [08/Jan/2026 01:22:33] "GET /js/capacitaciones.js HTTP/1.1" 304 -
127.0.0.1 - - [08/Jan/2026 01:24:50] "GET /curso.html?curso_id=3 HTTP/1.1" 200 -
127.0.0.1 - - [08/Jan/2026 01:24:50] "GET /js/curso.js HTTP/1.1" 304 -
127.0.0.1 - - [08/Jan/2026 01:27:09] "GET /js/cursos.js HTTP/1.1" 304 -
127.0.0.1 - - [08/Jan/2026 01:30:40] "GET /js/curso.js HTTP/1.1" 304 -
127.0.0.1 - - [08/Jan/2026 01:44:20] "GET /login.html HTTP/1.1" 200 -
127.0.0.1 - - [08/Jan/2026 01:44:20] "GET /js/login.js HTTP/1.1" 304 -
127.0.0.1 - - [08/Jan/2026 01:51:33] "GET /login.html HTTP/1.1" 304 -
127.0.0.1 - - [08/Jan/2026 01:51:33] "GET /js/login.js HTTP/1.1" 304 -
127.0.0.1 - - [08/Jan/2026 02:04:12] "GET / HTTP/1.1" 200 -
127.0.0.1 - - [08/Jan/2026 02:04:14] "GET /login.html HTTP/1.1" 304 -
127.0.0.1 - - [08/Jan/2026 02:04:14] "GET /js/login.js HTTP/1.1" 304 -
127.0.0.1 - - [08/Jan/2026 02:04:29] "GET /cursos.html HTTP/1.1" 304 -
127.0.0.1 - - [08/Jan/2026 02:04:29] "GET /js/cursos.js HTTP/1.1" 304 -
127.0.0.1 - - [08/Jan/2026 02:04:58] "GET /capacitaciones-externas.html HTTP/1.1" 304 -
127.0.0.1 - - [08/Jan/2026 02:04:58] "GET /js/capacitaciones.js HTTP/1.1" 304 -
127.0.0.1 - - [08/Jan/2026 02:05:17] "GET / HTTP/1.1" 200 -
127.0.0.1 - - [08/Jan/2026 02:05:17] code 404, message File not found
127.0.0.1 - - [08/Jan/2026 02:05:17] "GET /favicon.ico HTTP/1.1" 404 -
127.0.0.1 - - [08/Jan/2026 02:05:18] "GET /login.html HTTP/1.1" 200 -
127.0.0.1 - - [08/Jan/2026 02:05:18] "GET /css/estilos.css HTTP/1.1" 200 -
127.0.0.1 - - [08/Jan/2026 02:05:18] "GET /js/api.js HTTP/1.1" 200 -
127.0.0.1 - - [08/Jan/2026 02:05:18] "GET /js/login.js HTTP/1.1" 200 -
127.0.0.1 - - [08/Jan/2026 02:05:31] "GET /cursos.html HTTP/1.1" 200 -
127.0.0.1 - - [08/Jan/2026 02:05:31] "GET /js/cursos.js HTTP/1.1" 200 -
127.0.0.1 - - [08/Jan/2026 02:05:34] "GET /capacitaciones-externas.html HTTP/1.1" 200 -
127.0.0.1 - - [08/Jan/2026 02:05:34] "GET /js/capacitaciones.js HTTP/1.1" 200 -
127.0.0.1 - - [08/Jan/2026 02:05:42] "GET /curso.html?curso_id=3 HTTP/1.1" 200 -
127.0.0.1 - - [08/Jan/2026 02:05:42] "GET /js/curso.js HTTP/1.1" 200 -
127.0.0.1 - - [08/Jan/2026 02:05:59] "GET /cursos.html HTTP/1.1" 200 -
127.0.0.1 - - [08/Jan/2026 02:05:59] "GET /css/estilos.css HTTP/1.1" 200 -
127.0.0.1 - - [08/Jan/2026 02:05:59] "GET /js/api.js HTTP/1.1" 200 -
127.0.0.1 - - [08/Jan/2026 02:05:59] "GET /js/cursos.js HTTP/1.1" 200 -
127.0.0.1 - - [08/Jan/2026 02:05:59] code 404, message File not found
127.0.0.1 - - [08/Jan/2026 02:05:59] "GET /favicon.ico HTTP/1.1" 404 -
127.0.0.1 - - [08/Jan/2026 02:06:03] "GET /curso.html?curso_id=3 HTTP/1.1" 200 -
127.0.0.1 - - [08/Jan/2026 02:06:03] "GET /js/curso.js HTTP/1.1" 200 -
127.0.0.1 - - [08/Jan/2026 02:40:09] "GET /curso.html?curso_id=3 HTTP/1.1" 200 -
127.0.0.1 - - [08/Jan/2026 02:40:09] "GET /css/estilos.css HTTP/1.1" 200 -
127.0.0.1 - - [08/Jan/2026 02:40:09] "GET /js/api.js HTTP/1.1" 200 -
127.0.0.1 - - [08/Jan/2026 02:40:09] "GET /js/curso.js HTTP/1.1" 200 -
127.0.0.1 - - [08/Jan/2026 02:40:09] code 404, message File not found
127.0.0.1 - - [08/Jan/2026 02:40:09] "GET /favicon.ico HTTP/1.1" 404 -
127.0.0.1 - - [08/Jan/2026 02:40:13] "GET /login.html HTTP/1.1" 304 -
127.0.0.1 - - [08/Jan/2026 02:40:13] "GET /css/estilos.css HTTP/1.1" 304 -
127.0.0.1 - - [08/Jan/2026 02:40:13] "GET /js/login.js HTTP/1.1" 304 -
127.0.0.1 - - [08/Jan/2026 02:40:37] "GET /cursos.html HTTP/1.1" 304 -
127.0.0.1 - - [08/Jan/2026 02:40:37] "GET /js/cursos.js HTTP/1.1" 304 -
127.0.0.1 - - [08/Jan/2026 02:40:37] "GET /css/estilos.css HTTP/1.1" 304 -
127.0.0.1 - - [08/Jan/2026 02:41:01] "GET /curso.html?curso_id=3 HTTP/1.1" 304 -
127.0.0.1 - - [08/Jan/2026 02:41:01] "GET /css/estilos.css HTTP/1.1" 304 -
127.0.0.1 - - [08/Jan/2026 02:41:03] "GET /curso.html?curso_id=3 HTTP/1.1" 200 -
127.0.0.1 - - [08/Jan/2026 02:41:03] "GET /css/estilos.css HTTP/1.1" 200 -
127.0.0.1 - - [08/Jan/2026 02:41:03] "GET /js/curso.js HTTP/1.1" 200 -
127.0.0.1 - - [08/Jan/2026 02:41:03] "GET /js/api.js HTTP/1.1" 200 -
127.0.0.1 - - [08/Jan/2026 02:41:03] code 404, message File not found
127.0.0.1 - - [08/Jan/2026 02:41:03] "GET /favicon.ico HTTP/1.1" 404 -
127.0.0.1 - - [08/Jan/2026 02:41:04] "GET /curso.html?curso_id=3 HTTP/1.1" 200 -
127.0.0.1 - - [08/Jan/2026 02:41:04] "GET /css/estilos.css HTTP/1.1" 200 -
127.0.0.1 - - [08/Jan/2026 02:41:04] "GET /js/curso.js HTTP/1.1" 200 -
127.0.0.1 - - [08/Jan/2026 02:41:04] "GET /js/api.js HTTP/1.1" 200 -
127.0.0.1 - - [08/Jan/2026 02:41:04] code 404, message File not found
127.0.0.1 - - [08/Jan/2026 02:41:04] "GET /favicon.ico HTTP/1.1" 404 -
127.0.0.1 - - [08/Jan/2026 02:41:06] "GET /curso.html?curso_id=3 HTTP/1.1" 200 -
127.0.0.1 - - [08/Jan/2026 02:41:06] "GET /css/estilos.css HTTP/1.1" 200 -
127.0.0.1 - - [08/Jan/2026 02:41:06] "GET /js/api.js HTTP/1.1" 200 -
127.0.0.1 - - [08/Jan/2026 02:41:06] "GET /js/curso.js HTTP/1.1" 200 -
127.0.0.1 - - [08/Jan/2026 02:41:06] code 404, message File not found
127.0.0.1 - - [08/Jan/2026 02:41:06] "GET /favicon.ico HTTP/1.1" 404 -
127.0.0.1 - - [08/Jan/2026 02:41:06] "GET /curso.html?curso_id=3 HTTP/1.1" 200 -
127.0.0.1 - - [08/Jan/2026 02:41:07] "GET /css/estilos.css HTTP/1.1" 200 -
127.0.0.1 - - [08/Jan/2026 02:41:07] "GET /js/curso.js HTTP/1.1" 200 -
127.0.0.1 - - [08/Jan/2026 02:41:07] "GET /js/api.js HTTP/1.1" 200 -
127.0.0.1 - - [08/Jan/2026 02:41:07] code 404, message File not found
127.0.0.1 - - [08/Jan/2026 02:41:07] "GET /favicon.ico HTTP/1.1" 404 -
127.0.0.1 - - [08/Jan/2026 02:51:43] "GET /login.html HTTP/1.1" 304 -
127.0.0.1 - - [08/Jan/2026 02:51:43] "GET /css/estilos.css HTTP/1.1" 200 -
127.0.0.1 - - [08/Jan/2026 02:51:43] "GET /js/login.js HTTP/1.1" 304 -
127.0.0.1 - - [08/Jan/2026 02:51:43] code 404, message File not found
127.0.0.1 - - [08/Jan/2026 02:51:43] "GET /favicon.ico HTTP/1.1" 404 -
----------------------------------------
Exception occurred during processing of request from ('127.0.0.1', 44884)
Traceback (most recent call last):
  File "/home/r/.pyenv/versions/3.12.3/lib/python3.12/http/server.py", line 731, in send_head
    f = open(path, 'rb')
        ^^^^^^^^^^^^^^^^
FileNotFoundError: [Errno 2] No such file or directory: '/home/r/plataforma-capacitaciones/frontend/favicon.ico'

During handling of the above exception, another exception occurred:

Traceback (most recent call last):
  File "/home/r/.pyenv/versions/3.12.3/lib/python3.12/socketserver.py", line 692, in process_request_thread
    self.finish_request(request, client_address)
  File "/home/r/.pyenv/versions/3.12.3/lib/python3.12/http/server.py", line 1311, in finish_request
    self.RequestHandlerClass(request, client_address, self,
  File "/home/r/.pyenv/versions/3.12.3/lib/python3.12/http/server.py", line 672, in __init__
    super().__init__(*args, **kwargs)
  File "/home/r/.pyenv/versions/3.12.3/lib/python3.12/socketserver.py", line 761, in __init__
    self.handle()
  File "/home/r/.pyenv/versions/3.12.3/lib/python3.12/http/server.py", line 436, in handle
    self.handle_one_request()
  File "/home/r/.pyenv/versions/3.12.3/lib/python3.12/http/server.py", line 424, in handle_one_request
    method()
  File "/home/r/.pyenv/versions/3.12.3/lib/python3.12/http/server.py", line 676, in do_GET
    f = self.send_head()
        ^^^^^^^^^^^^^^^^
  File "/home/r/.pyenv/versions/3.12.3/lib/python3.12/http/server.py", line 733, in send_head
    self.send_error(HTTPStatus.NOT_FOUND, "File not found")
  File "/home/r/.pyenv/versions/3.12.3/lib/python3.12/http/server.py", line 491, in send_error
    self.wfile.write(body)
  File "/home/r/.pyenv/versions/3.12.3/lib/python3.12/socketserver.py", line 840, in write
    self._sock.sendall(b)
BrokenPipeError: [Errno 32] Broken pipe
----------------------------------------
127.0.0.1 - - [08/Jan/2026 02:51:46] "GET /login.html HTTP/1.1" 200 -
127.0.0.1 - - [08/Jan/2026 02:51:46] "GET /css/estilos.css HTTP/1.1" 200 -
127.0.0.1 - - [08/Jan/2026 02:51:46] "GET /js/api.js HTTP/1.1" 200 -
127.0.0.1 - - [08/Jan/2026 02:51:46] "GET /js/login.js HTTP/1.1" 200 -
127.0.0.1 - - [08/Jan/2026 02:51:46] code 404, message File not found
127.0.0.1 - - [08/Jan/2026 02:51:46] "GET /favicon.ico HTTP/1.1" 404 -
127.0.0.1 - - [08/Jan/2026 02:51:59] "GET /cursos.html HTTP/1.1" 200 -
----------------------------------------
Exception occurred during processing of request from ('127.0.0.1', 42430)
Traceback (most recent call last):
  File "/home/r/.pyenv/versions/3.12.3/lib/python3.12/socketserver.py", line 692, in process_request_thread
    self.finish_request(request, client_address)
  File "/home/r/.pyenv/versions/3.12.3/lib/python3.12/http/server.py", line 1311, in finish_request
    self.RequestHandlerClass(request, client_address, self,
  File "/home/r/.pyenv/versions/3.12.3/lib/python3.12/http/server.py", line 672, in __init__
    super().__init__(*args, **kwargs)
  File "/home/r/.pyenv/versions/3.12.3/lib/python3.12/socketserver.py", line 761, in __init__
    self.handle()
  File "/home/r/.pyenv/versions/3.12.3/lib/python3.12/http/server.py", line 436, in handle
    self.handle_one_request()
  File "/home/r/.pyenv/versions/3.12.3/lib/python3.12/http/server.py", line 424, in handle_one_request
    method()
  File "/home/r/.pyenv/versions/3.12.3/lib/python3.12/http/server.py", line 679, in do_GET
    self.copyfile(f, self.wfile)
  File "/home/r/.pyenv/versions/3.12.3/lib/python3.12/http/server.py", line 878, in copyfile
    shutil.copyfileobj(source, outputfile)
  File "/home/r/.pyenv/versions/3.12.3/lib/python3.12/shutil.py", line 204, in copyfileobj
    fdst_write(buf)
  File "/home/r/.pyenv/versions/3.12.3/lib/python3.12/socketserver.py", line 840, in write
    self._sock.sendall(b)
BrokenPipeError: [Errno 32] Broken pipe
----------------------------------------
127.0.0.1 - - [08/Jan/2026 02:51:59] "GET /css/estilos.css HTTP/1.1" 304 -
127.0.0.1 - - [08/Jan/2026 02:52:01] "GET /curso.html?curso_id=3 HTTP/1.1" 304 -
127.0.0.1 - - [08/Jan/2026 02:52:01] "GET /css/estilos.css HTTP/1.1" 304 -
127.0.0.1 - - [08/Jan/2026 02:52:01] "GET /js/curso.js HTTP/1.1" 304 -
127.0.0.1 - - [08/Jan/2026 02:52:14] "GET /curso.html?curso_id=3 HTTP/1.1" 200 -
127.0.0.1 - - [08/Jan/2026 02:52:14] "GET /css/estilos.css HTTP/1.1" 200 -
127.0.0.1 - - [08/Jan/2026 02:52:14] "GET /js/api.js HTTP/1.1" 200 -
127.0.0.1 - - [08/Jan/2026 02:52:14] "GET /js/curso.js HTTP/1.1" 200 -
127.0.0.1 - - [08/Jan/2026 02:52:14] code 404, message File not found
127.0.0.1 - - [08/Jan/2026 02:52:14] "GET /favicon.ico HTTP/1.1" 404 -
127.0.0.1 - - [08/Jan/2026 02:55:44] "GET /curso.html?curso_id=3 HTTP/1.1" 200 -
127.0.0.1 - - [08/Jan/2026 02:55:44] "GET /css/estilos.css HTTP/1.1" 200 -
127.0.0.1 - - [08/Jan/2026 02:55:44] "GET /js/api.js HTTP/1.1" 200 -
127.0.0.1 - - [08/Jan/2026 02:55:44] "GET /js/curso.js HTTP/1.1" 200 -
127.0.0.1 - - [08/Jan/2026 02:55:44] code 404, message File not found
127.0.0.1 - - [08/Jan/2026 02:55:44] "GET /favicon.ico HTTP/1.1" 404 -
127.0.0.1 - - [08/Jan/2026 02:55:45] "GET /curso.html?curso_id=3 HTTP/1.1" 200 -
127.0.0.1 - - [08/Jan/2026 02:55:45] "GET /css/estilos.css HTTP/1.1" 200 -
127.0.0.1 - - [08/Jan/2026 02:55:45] "GET /js/api.js HTTP/1.1" 200 -
127.0.0.1 - - [08/Jan/2026 02:55:45] "GET /js/curso.js HTTP/1.1" 200 -
127.0.0.1 - - [08/Jan/2026 02:55:45] code 404, message File not found
127.0.0.1 - - [08/Jan/2026 02:55:45] "GET /favicon.ico HTTP/1.1" 404 -
127.0.0.1 - - [08/Jan/2026 02:55:46] "GET /login.html HTTP/1.1" 200 -
----------------------------------------
Exception occurred during processing of request from ('127.0.0.1', 53444)
Traceback (most recent call last):
  File "/home/r/.pyenv/versions/3.12.3/lib/python3.12/socketserver.py", line 692, in process_request_thread
    self.finish_request(request, client_address)
  File "/home/r/.pyenv/versions/3.12.3/lib/python3.12/http/server.py", line 1311, in finish_request
    self.RequestHandlerClass(request, client_address, self,
  File "/home/r/.pyenv/versions/3.12.3/lib/python3.12/http/server.py", line 672, in __init__
    super().__init__(*args, **kwargs)
  File "/home/r/.pyenv/versions/3.12.3/lib/python3.12/socketserver.py", line 761, in __init__
    self.handle()
  File "/home/r/.pyenv/versions/3.12.3/lib/python3.12/http/server.py", line 436, in handle
    self.handle_one_request()
  File "/home/r/.pyenv/versions/3.12.3/lib/python3.12/http/server.py", line 424, in handle_one_request
    method()
  File "/home/r/.pyenv/versions/3.12.3/lib/python3.12/http/server.py", line 679, in do_GET
    self.copyfile(f, self.wfile)
  File "/home/r/.pyenv/versions/3.12.3/lib/python3.12/http/server.py", line 878, in copyfile
    shutil.copyfileobj(source, outputfile)
  File "/home/r/.pyenv/versions/3.12.3/lib/python3.12/shutil.py", line 204, in copyfileobj
    fdst_write(buf)
  File "/home/r/.pyenv/versions/3.12.3/lib/python3.12/socketserver.py", line 840, in write
    self._sock.sendall(b)
BrokenPipeError: [Errno 32] Broken pipe
----------------------------------------
127.0.0.1 - - [08/Jan/2026 02:55:46] "GET /css/estilos.css HTTP/1.1" 200 -
127.0.0.1 - - [08/Jan/2026 02:55:56] "GET /css/estilos.css HTTP/1.1" 304 -
127.0.0.1 - - [08/Jan/2026 02:55:56] "GET /js/cursos.js HTTP/1.1" 304 -
127.0.0.1 - - [08/Jan/2026 02:55:58] "GET /css/estilos.css HTTP/1.1" 304 -
127.0.0.1 - - [08/Jan/2026 02:56:06] "GET /css/estilos.css HTTP/1.1" 304 -
127.0.0.1 - - [08/Jan/2026 03:10:06] "GET /css/estilos.css HTTP/1.1" 304 -
127.0.0.1 - - [08/Jan/2026 03:10:06] "GET /js/cursos.js HTTP/1.1" 304 -
127.0.0.1 - - [08/Jan/2026 03:10:12] "GET /capacitaciones-externas.html HTTP/1.1" 304 -
127.0.0.1 - - [08/Jan/2026 03:10:12] "GET /js/capacitaciones.js HTTP/1.1" 304 -
127.0.0.1 - - [08/Jan/2026 03:16:47] "GET /curso.html?curso_id=3 HTTP/1.1" 304 -
127.0.0.1 - - [08/Jan/2026 03:16:47] "GET /css/estilos.css HTTP/1.1" 304 -
127.0.0.1 - - [08/Jan/2026 03:16:47] "GET /js/curso.js HTTP/1.1" 304 -
127.0.0.1 - - [08/Jan/2026 03:18:46] "GET / HTTP/1.1" 200 -
127.0.0.1 - - [08/Jan/2026 03:18:46] code 404, message File not found
127.0.0.1 - - [08/Jan/2026 03:18:46] "GET /favicon.ico HTTP/1.1" 404 -
127.0.0.1 - - [08/Jan/2026 03:18:48] "GET /login.html HTTP/1.1" 200 -
127.0.0.1 - - [08/Jan/2026 03:18:48] "GET /css/estilos.css HTTP/1.1" 200 -
127.0.0.1 - - [08/Jan/2026 03:18:48] "GET /js/api.js HTTP/1.1" 200 -
127.0.0.1 - - [08/Jan/2026 03:18:48] "GET /js/login.js HTTP/1.1" 200 -
127.0.0.1 - - [08/Jan/2026 03:18:48] "GET /cursos.html HTTP/1.1" 200 -
127.0.0.1 - - [08/Jan/2026 03:18:48] "GET /js/cursos.js HTTP/1.1" 200 -
127.0.0.1 - - [08/Jan/2026 03:18:50] "GET /capacitaciones-externas.html HTTP/1.1" 200 -
127.0.0.1 - - [08/Jan/2026 03:18:50] "GET /js/capacitaciones.js HTTP/1.1" 200 -
127.0.0.1 - - [08/Jan/2026 03:20:00] code 404, message File not found
127.0.0.1 - - [08/Jan/2026 03:20:00] "GET /favicon.ico HTTP/1.1" 404 -
127.0.0.1 - - [08/Jan/2026 03:20:30] "GET /curso.html?curso_id=3 HTTP/1.1" 200 -
127.0.0.1 - - [08/Jan/2026 03:20:30] "GET /js/curso.js HTTP/1.1" 200 -
127.0.0.1 - - [08/Jan/2026 03:20:50] "GET /cursos.html HTTP/1.1" 304 -
127.0.0.1 - - [08/Jan/2026 03:20:50] "GET /css/estilos.css HTTP/1.1" 304 -
127.0.0.1 - - [08/Jan/2026 03:20:53] "GET /cursos.html HTTP/1.1" 200 -
127.0.0.1 - - [08/Jan/2026 03:20:53] "GET /css/estilos.css HTTP/1.1" 200 -
127.0.0.1 - - [08/Jan/2026 03:20:53] "GET /js/api.js HTTP/1.1" 200 -
127.0.0.1 - - [08/Jan/2026 03:20:53] "GET /js/cursos.js HTTP/1.1" 200 -
127.0.0.1 - - [08/Jan/2026 03:20:53] code 404, message File not found
127.0.0.1 - - [08/Jan/2026 03:20:53] "GET /favicon.ico HTTP/1.1" 404 -
127.0.0.1 - - [08/Jan/2026 03:23:18] "GET /css/estilos.css HTTP/1.1" 200 -
127.0.0.1 - - [08/Jan/2026 03:23:18] code 404, message File not found
127.0.0.1 - - [08/Jan/2026 03:23:18] "GET /favicon.ico HTTP/1.1" 404 -
127.0.0.1 - - [08/Jan/2026 03:31:23] "GET /css/estilos.css HTTP/1.1" 200 -
127.0.0.1 - - [08/Jan/2026 03:31:23] code 404, message File not found
127.0.0.1 - - [08/Jan/2026 03:31:23] "GET /favicon.ico HTTP/1.1" 404 -
